This is pdfTeX, Version 3.14159265-2.6-1.40.16 (MiKTeX 2.9 64-bit) (preloaded format=pdftex 2016.2.17)  17 FEB 2016 17:24
entering extended mode
**"C:/Users/TheOwnzs/Dropbox/Est√°gio orienta√ß√£o Daniel/Escrita/template-late
x/referencias.bib"

("C:/Users/TheOwnzs/Dropbox/Est√°gio orienta√ß√£o Daniel/Escrita/template-latex
/referencias.bib"
Missing character: There is no ¬ in font cmr10!
Missing character: There is no ∫ in font cmr10!
Missing character: There is no √ in font cmr10!
Missing character: There is no ß in font cmr10!
Missing character: There is no √ in font cmr10!
Missing character: There is no £ in font cmr10!
Missing character: There is no √ in font cmr10!
Missing character: There is no ° in font cmr10!
Missing character: There is no √ in font cmr10!
Missing character: There is no £ in font cmr10!
)
*
! Emergency stop.
<*> ...iel/Escrita/template-latex/referencias.bib"
                                                  
End of file on the terminal!

!  ==> Fatal error occurred, no output PDF file produced!
